{"/Users/vincenthofmann/SecondBrain/1-Projects/Geotab/report-builder-addin/src/core/report-generator.ts": {"path":"/Users/vincenthofmann/SecondBrain/1-Projects/Geotab/report-builder-addin/src/core/report-generator.ts","statementMap":{"0":{"start":{"line":25,"column":2},"end":{"line":25,"column":null}},"1":{"start":{"line":25,"column":28},"end":{"line":25,"column":null}},"2":{"start":{"line":27,"column":2},"end":{"line":54,"column":null}},"3":{"start":{"line":28,"column":4},"end":{"line":53,"column":null}},"4":{"start":{"line":29,"column":25},"end":{"line":29,"column":null}},"5":{"start":{"line":31,"column":6},"end":{"line":52,"column":null}},"6":{"start":{"line":33,"column":10},"end":{"line":33,"column":null}},"7":{"start":{"line":35,"column":10},"end":{"line":35,"column":null}},"8":{"start":{"line":37,"column":10},"end":{"line":39,"column":null}},"9":{"start":{"line":41,"column":10},"end":{"line":41,"column":null}},"10":{"start":{"line":43,"column":10},"end":{"line":43,"column":null}},"11":{"start":{"line":45,"column":10},"end":{"line":48,"column":null}},"12":{"start":{"line":46,"column":29},"end":{"line":46,"column":null}},"13":{"start":{"line":47,"column":12},"end":{"line":47,"column":null}},"14":{"start":{"line":49,"column":10},"end":{"line":49,"column":null}},"15":{"start":{"line":51,"column":10},"end":{"line":51,"column":null}},"16":{"start":{"line":61,"column":2},"end":{"line":61,"column":null}},"17":{"start":{"line":61,"column":27},"end":{"line":61,"column":null}},"18":{"start":{"line":63,"column":2},"end":{"line":76,"column":null}},"19":{"start":{"line":65,"column":6},"end":{"line":65,"column":null}},"20":{"start":{"line":65,"column":37},"end":{"line":65,"column":44}},"21":{"start":{"line":67,"column":6},"end":{"line":67,"column":null}},"22":{"start":{"line":67,"column":37},"end":{"line":67,"column":44}},"23":{"start":{"line":69,"column":6},"end":{"line":69,"column":null}},"24":{"start":{"line":71,"column":6},"end":{"line":71,"column":null}},"25":{"start":{"line":73,"column":6},"end":{"line":73,"column":null}},"26":{"start":{"line":75,"column":6},"end":{"line":75,"column":null}},"27":{"start":{"line":89,"column":17},"end":{"line":89,"column":null}},"28":{"start":{"line":91,"column":2},"end":{"line":97,"column":null}},"29":{"start":{"line":92,"column":23},"end":{"line":92,"column":null}},"30":{"start":{"line":93,"column":4},"end":{"line":95,"column":null}},"31":{"start":{"line":94,"column":6},"end":{"line":94,"column":null}},"32":{"start":{"line":96,"column":4},"end":{"line":96,"column":null}},"33":{"start":{"line":100,"column":32},"end":{"line":100,"column":null}},"34":{"start":{"line":102,"column":2},"end":{"line":113,"column":null}},"35":{"start":{"line":103,"column":19},"end":{"line":105,"column":null}},"36":{"start":{"line":104,"column":18},"end":{"line":104,"column":49}},"37":{"start":{"line":105,"column":21},"end":{"line":105,"column":30}},"38":{"start":{"line":107,"column":4},"end":{"line":112,"column":null}},"39":{"start":{"line":116,"column":2},"end":{"line":116,"column":null}},"40":{"start":{"line":116,"column":31},"end":{"line":116,"column":48}},"41":{"start":{"line":127,"column":2},"end":{"line":146,"column":null}},"42":{"start":{"line":128,"column":17},"end":{"line":128,"column":null}},"43":{"start":{"line":129,"column":17},"end":{"line":129,"column":null}},"44":{"start":{"line":132,"column":4},"end":{"line":132,"column":null}},"45":{"start":{"line":132,"column":38},"end":{"line":132,"column":null}},"46":{"start":{"line":133,"column":4},"end":{"line":133,"column":null}},"47":{"start":{"line":133,"column":22},"end":{"line":133,"column":null}},"48":{"start":{"line":134,"column":4},"end":{"line":134,"column":null}},"49":{"start":{"line":134,"column":22},"end":{"line":134,"column":null}},"50":{"start":{"line":137,"column":4},"end":{"line":139,"column":null}},"51":{"start":{"line":138,"column":6},"end":{"line":138,"column":null}},"52":{"start":{"line":142,"column":17},"end":{"line":142,"column":null}},"53":{"start":{"line":143,"column":17},"end":{"line":143,"column":null}},"54":{"start":{"line":144,"column":23},"end":{"line":144,"column":null}},"55":{"start":{"line":145,"column":4},"end":{"line":145,"column":null}},"56":{"start":{"line":157,"column":8},"end":{"line":157,"column":null}},"57":{"start":{"line":158,"column":14},"end":{"line":158,"column":null}},"58":{"start":{"line":159,"column":2},"end":{"line":159,"column":null}},"59":{"start":{"line":169,"column":20},"end":{"line":169,"column":null}},"60":{"start":{"line":170,"column":30},"end":{"line":170,"column":null}},"61":{"start":{"line":172,"column":2},"end":{"line":175,"column":null}},"62":{"start":{"line":173,"column":4},"end":{"line":173,"column":null}},"63":{"start":{"line":174,"column":4},"end":{"line":174,"column":null}},"64":{"start":{"line":177,"column":21},"end":{"line":177,"column":null}},"65":{"start":{"line":179,"column":2},"end":{"line":179,"column":null}},"66":{"start":{"line":189,"column":21},"end":{"line":189,"column":null}},"67":{"start":{"line":189,"column":40},"end":{"line":189,"column":45}},"68":{"start":{"line":191,"column":2},"end":{"line":199,"column":null}},"69":{"start":{"line":192,"column":34},"end":{"line":192,"column":null}},"70":{"start":{"line":193,"column":4},"end":{"line":197,"column":null}},"71":{"start":{"line":194,"column":6},"end":{"line":196,"column":null}},"72":{"start":{"line":195,"column":8},"end":{"line":195,"column":null}},"73":{"start":{"line":198,"column":4},"end":{"line":198,"column":null}},"74":{"start":{"line":209,"column":2},"end":{"line":209,"column":null}},"75":{"start":{"line":209,"column":21},"end":{"line":209,"column":null}},"76":{"start":{"line":211,"column":2},"end":{"line":225,"column":null}},"77":{"start":{"line":213,"column":6},"end":{"line":213,"column":null}},"78":{"start":{"line":215,"column":6},"end":{"line":219,"column":null}},"79":{"start":{"line":216,"column":8},"end":{"line":216,"column":null}},"80":{"start":{"line":218,"column":8},"end":{"line":218,"column":null}},"81":{"start":{"line":221,"column":6},"end":{"line":221,"column":null}},"82":{"start":{"line":224,"column":6},"end":{"line":224,"column":null}}},"fnMap":{"0":{"name":"applyFilters","decl":{"start":{"line":21,"column":16},"end":{"line":21,"column":null}},"loc":{"start":{"line":24,"column":16},"end":{"line":55,"column":null}},"line":24},"1":{"name":"(anonymous_1)","decl":{"start":{"line":27,"column":21},"end":{"line":27,"column":22}},"loc":{"start":{"line":27,"column":33},"end":{"line":54,"column":3}},"line":27},"2":{"name":"(anonymous_2)","decl":{"start":{"line":28,"column":25},"end":{"line":28,"column":26}},"loc":{"start":{"line":28,"column":37},"end":{"line":53,"column":5}},"line":28},"3":{"name":"aggregate","decl":{"start":{"line":60,"column":16},"end":{"line":60,"column":26}},"loc":{"start":{"line":60,"column":71},"end":{"line":77,"column":null}},"line":60},"4":{"name":"(anonymous_4)","decl":{"start":{"line":65,"column":27},"end":{"line":65,"column":28}},"loc":{"start":{"line":65,"column":37},"end":{"line":65,"column":44}},"line":65},"5":{"name":"(anonymous_5)","decl":{"start":{"line":67,"column":27},"end":{"line":67,"column":28}},"loc":{"start":{"line":67,"column":37},"end":{"line":67,"column":44}},"line":67},"6":{"name":"groupAndAggregate","decl":{"start":{"line":82,"column":16},"end":{"line":82,"column":null}},"loc":{"start":{"line":87,"column":17},"end":{"line":117,"column":null}},"line":87},"7":{"name":"(anonymous_7)","decl":{"start":{"line":91,"column":15},"end":{"line":91,"column":16}},"loc":{"start":{"line":91,"column":27},"end":{"line":97,"column":3}},"line":91},"8":{"name":"(anonymous_8)","decl":{"start":{"line":102,"column":17},"end":{"line":102,"column":18}},"loc":{"start":{"line":102,"column":41},"end":{"line":113,"column":3}},"line":102},"9":{"name":"(anonymous_9)","decl":{"start":{"line":104,"column":11},"end":{"line":104,"column":12}},"loc":{"start":{"line":104,"column":18},"end":{"line":104,"column":49}},"line":104},"10":{"name":"(anonymous_10)","decl":{"start":{"line":105,"column":14},"end":{"line":105,"column":15}},"loc":{"start":{"line":105,"column":21},"end":{"line":105,"column":30}},"line":105},"11":{"name":"(anonymous_11)","decl":{"start":{"line":116,"column":21},"end":{"line":116,"column":22}},"loc":{"start":{"line":116,"column":31},"end":{"line":116,"column":48}},"line":116},"12":{"name":"sortData","decl":{"start":{"line":122,"column":16},"end":{"line":122,"column":null}},"loc":{"start":{"line":126,"column":16},"end":{"line":147,"column":null}},"line":126},"13":{"name":"(anonymous_13)","decl":{"start":{"line":127,"column":24},"end":{"line":127,"column":25}},"loc":{"start":{"line":127,"column":34},"end":{"line":146,"column":3}},"line":127},"14":{"name":"paginateData","decl":{"start":{"line":152,"column":16},"end":{"line":152,"column":null}},"loc":{"start":{"line":156,"column":16},"end":{"line":160,"column":null}},"line":156},"15":{"name":"calculateSubtotals","decl":{"start":{"line":165,"column":16},"end":{"line":165,"column":null}},"loc":{"start":{"line":168,"column":58},"end":{"line":180,"column":null}},"line":168},"16":{"name":"(anonymous_16)","decl":{"start":{"line":172,"column":22},"end":{"line":172,"column":23}},"loc":{"start":{"line":172,"column":33},"end":{"line":175,"column":3}},"line":172},"17":{"name":"projectColumns","decl":{"start":{"line":185,"column":16},"end":{"line":185,"column":null}},"loc":{"start":{"line":188,"column":16},"end":{"line":200,"column":null}},"line":188},"18":{"name":"(anonymous_18)","decl":{"start":{"line":189,"column":33},"end":{"line":189,"column":34}},"loc":{"start":{"line":189,"column":40},"end":{"line":189,"column":45}},"line":189},"19":{"name":"(anonymous_19)","decl":{"start":{"line":191,"column":18},"end":{"line":191,"column":19}},"loc":{"start":{"line":191,"column":30},"end":{"line":199,"column":3}},"line":191},"20":{"name":"(anonymous_20)","decl":{"start":{"line":193,"column":23},"end":{"line":193,"column":24}},"loc":{"start":{"line":193,"column":32},"end":{"line":197,"column":5}},"line":193},"21":{"name":"formatValue","decl":{"start":{"line":205,"column":16},"end":{"line":205,"column":null}},"loc":{"start":{"line":208,"column":10},"end":{"line":226,"column":null}},"line":208}},"branchMap":{"0":{"loc":{"start":{"line":25,"column":2},"end":{"line":25,"column":null}},"type":"if","locations":[{"start":{"line":25,"column":2},"end":{"line":25,"column":null}},{"start":{},"end":{}}],"line":25},"1":{"loc":{"start":{"line":31,"column":6},"end":{"line":52,"column":null}},"type":"switch","locations":[{"start":{"line":32,"column":8},"end":{"line":33,"column":null}},{"start":{"line":34,"column":8},"end":{"line":35,"column":null}},{"start":{"line":36,"column":8},"end":{"line":39,"column":null}},{"start":{"line":40,"column":8},"end":{"line":41,"column":null}},{"start":{"line":42,"column":8},"end":{"line":43,"column":null}},{"start":{"line":44,"column":8},"end":{"line":49,"column":null}},{"start":{"line":50,"column":8},"end":{"line":51,"column":null}}],"line":31},"2":{"loc":{"start":{"line":45,"column":10},"end":{"line":48,"column":null}},"type":"if","locations":[{"start":{"line":45,"column":10},"end":{"line":48,"column":null}},{"start":{},"end":{}}],"line":45},"3":{"loc":{"start":{"line":45,"column":14},"end":{"line":45,"column":72}},"type":"binary-expr","locations":[{"start":{"line":45,"column":14},"end":{"line":45,"column":45}},{"start":{"line":45,"column":45},"end":{"line":45,"column":72}}],"line":45},"4":{"loc":{"start":{"line":47,"column":19},"end":{"line":47,"column":null}},"type":"binary-expr","locations":[{"start":{"line":47,"column":19},"end":{"line":47,"column":58}},{"start":{"line":47,"column":58},"end":{"line":47,"column":null}}],"line":47},"5":{"loc":{"start":{"line":61,"column":2},"end":{"line":61,"column":null}},"type":"if","locations":[{"start":{"line":61,"column":2},"end":{"line":61,"column":null}},{"start":{},"end":{}}],"line":61},"6":{"loc":{"start":{"line":63,"column":2},"end":{"line":76,"column":null}},"type":"switch","locations":[{"start":{"line":64,"column":4},"end":{"line":65,"column":null}},{"start":{"line":66,"column":4},"end":{"line":67,"column":null}},{"start":{"line":68,"column":4},"end":{"line":69,"column":null}},{"start":{"line":70,"column":4},"end":{"line":71,"column":null}},{"start":{"line":72,"column":4},"end":{"line":73,"column":null}},{"start":{"line":74,"column":4},"end":{"line":75,"column":null}}],"line":63},"7":{"loc":{"start":{"line":92,"column":30},"end":{"line":92,"column":64}},"type":"binary-expr","locations":[{"start":{"line":92,"column":30},"end":{"line":92,"column":55}},{"start":{"line":92,"column":55},"end":{"line":92,"column":64}}],"line":92},"8":{"loc":{"start":{"line":93,"column":4},"end":{"line":95,"column":null}},"type":"if","locations":[{"start":{"line":93,"column":4},"end":{"line":95,"column":null}},{"start":{},"end":{}}],"line":93},"9":{"loc":{"start":{"line":104,"column":18},"end":{"line":104,"column":49}},"type":"binary-expr","locations":[{"start":{"line":104,"column":18},"end":{"line":104,"column":48}},{"start":{"line":104,"column":48},"end":{"line":104,"column":49}}],"line":104},"10":{"loc":{"start":{"line":132,"column":4},"end":{"line":132,"column":null}},"type":"if","locations":[{"start":{"line":132,"column":4},"end":{"line":132,"column":null}},{"start":{},"end":{}}],"line":132},"11":{"loc":{"start":{"line":132,"column":8},"end":{"line":132,"column":38}},"type":"binary-expr","locations":[{"start":{"line":132,"column":8},"end":{"line":132,"column":24}},{"start":{"line":132,"column":24},"end":{"line":132,"column":38}}],"line":132},"12":{"loc":{"start":{"line":133,"column":4},"end":{"line":133,"column":null}},"type":"if","locations":[{"start":{"line":133,"column":4},"end":{"line":133,"column":null}},{"start":{},"end":{}}],"line":133},"13":{"loc":{"start":{"line":133,"column":29},"end":{"line":133,"column":null}},"type":"cond-expr","locations":[{"start":{"line":133,"column":51},"end":{"line":133,"column":56}},{"start":{"line":133,"column":56},"end":{"line":133,"column":null}}],"line":133},"14":{"loc":{"start":{"line":134,"column":4},"end":{"line":134,"column":null}},"type":"if","locations":[{"start":{"line":134,"column":4},"end":{"line":134,"column":null}},{"start":{},"end":{}}],"line":134},"15":{"loc":{"start":{"line":134,"column":29},"end":{"line":134,"column":null}},"type":"cond-expr","locations":[{"start":{"line":134,"column":51},"end":{"line":134,"column":55}},{"start":{"line":134,"column":55},"end":{"line":134,"column":null}}],"line":134},"16":{"loc":{"start":{"line":137,"column":4},"end":{"line":139,"column":null}},"type":"if","locations":[{"start":{"line":137,"column":4},"end":{"line":139,"column":null}},{"start":{},"end":{}}],"line":137},"17":{"loc":{"start":{"line":137,"column":8},"end":{"line":137,"column":62}},"type":"binary-expr","locations":[{"start":{"line":137,"column":8},"end":{"line":137,"column":36}},{"start":{"line":137,"column":36},"end":{"line":137,"column":62}}],"line":137},"18":{"loc":{"start":{"line":138,"column":13},"end":{"line":138,"column":null}},"type":"cond-expr","locations":[{"start":{"line":138,"column":35},"end":{"line":138,"column":49}},{"start":{"line":138,"column":49},"end":{"line":138,"column":null}}],"line":138},"19":{"loc":{"start":{"line":145,"column":11},"end":{"line":145,"column":null}},"type":"cond-expr","locations":[{"start":{"line":145,"column":33},"end":{"line":145,"column":46}},{"start":{"line":145,"column":46},"end":{"line":145,"column":null}}],"line":145},"20":{"loc":{"start":{"line":194,"column":6},"end":{"line":196,"column":null}},"type":"if","locations":[{"start":{"line":194,"column":6},"end":{"line":196,"column":null}},{"start":{},"end":{}}],"line":194},"21":{"loc":{"start":{"line":209,"column":2},"end":{"line":209,"column":null}},"type":"if","locations":[{"start":{"line":209,"column":2},"end":{"line":209,"column":null}},{"start":{},"end":{}}],"line":209},"22":{"loc":{"start":{"line":211,"column":2},"end":{"line":225,"column":null}},"type":"switch","locations":[{"start":{"line":212,"column":4},"end":{"line":213,"column":null}},{"start":{"line":214,"column":4},"end":{"line":219,"column":null}},{"start":{"line":220,"column":4},"end":{"line":221,"column":null}},{"start":{"line":222,"column":4},"end":{"line":222,"column":null}},{"start":{"line":223,"column":4},"end":{"line":224,"column":null}}],"line":211},"23":{"loc":{"start":{"line":221,"column":13},"end":{"line":221,"column":null}},"type":"cond-expr","locations":[{"start":{"line":221,"column":21},"end":{"line":221,"column":29}},{"start":{"line":221,"column":29},"end":{"line":221,"column":null}}],"line":221}},"s":{"0":10,"1":1,"2":9,"3":22,"4":24,"5":24,"6":7,"7":2,"8":3,"9":5,"10":2,"11":5,"12":4,"13":4,"14":1,"15":0,"16":18,"17":3,"18":15,"19":10,"20":17,"21":2,"22":6,"23":1,"24":1,"25":1,"26":0,"27":5,"28":5,"29":11,"30":11,"31":8,"32":11,"33":5,"34":5,"35":8,"36":11,"37":11,"38":8,"39":5,"40":3,"41":5,"42":12,"43":12,"44":12,"45":0,"46":12,"47":1,"48":11,"49":11,"50":11,"51":8,"52":3,"53":3,"54":3,"55":3,"56":4,"57":4,"58":4,"59":2,"60":2,"61":2,"62":6,"63":6,"64":2,"65":2,"66":2,"67":4,"68":2,"69":2,"70":2,"71":4,"72":3,"73":2,"74":7,"75":2,"76":5,"77":1,"78":1,"79":1,"80":0,"81":2,"82":1},"f":{"0":10,"1":22,"2":24,"3":18,"4":17,"5":6,"6":5,"7":11,"8":8,"9":11,"10":11,"11":3,"12":5,"13":12,"14":4,"15":2,"16":6,"17":2,"18":4,"19":2,"20":4,"21":7},"b":{"0":[1,9],"1":[7,2,3,5,2,5,0],"2":[4,1],"3":[5,4],"4":[4,3],"5":[3,15],"6":[15,2,1,1,1,0],"7":[11,1],"8":[8,3],"9":[11,0],"10":[0,12],"11":[12,1],"12":[1,11],"13":[1,0],"14":[0,11],"15":[0,0],"16":[8,3],"17":[11,8],"18":[5,3],"19":[3,0],"20":[3,1],"21":[2,5],"22":[5,1,2,1,1],"23":[1,1]},"meta":{"lastBranch":24,"lastFunction":22,"lastStatement":83,"seen":{"f:21:16:21:Infinity":0,"b:25:2:25:Infinity:undefined:undefined:undefined:undefined":0,"s:25:2:25:Infinity":0,"s:25:28:25:Infinity":1,"s:27:2:54:Infinity":2,"f:27:21:27:22":1,"s:28:4:53:Infinity":3,"f:28:25:28:26":2,"s:29:25:29:Infinity":4,"b:32:8:33:Infinity:34:8:35:Infinity:36:8:39:Infinity:40:8:41:Infinity:42:8:43:Infinity:44:8:49:Infinity:50:8:51:Infinity":1,"s:31:6:52:Infinity":5,"s:33:10:33:Infinity":6,"s:35:10:35:Infinity":7,"s:37:10:39:Infinity":8,"s:41:10:41:Infinity":9,"s:43:10:43:Infinity":10,"b:45:10:48:Infinity:undefined:undefined:undefined:undefined":2,"s:45:10:48:Infinity":11,"b:45:14:45:45:45:45:45:72":3,"s:46:29:46:Infinity":12,"s:47:12:47:Infinity":13,"b:47:19:47:58:47:58:47:Infinity":4,"s:49:10:49:Infinity":14,"s:51:10:51:Infinity":15,"f:60:16:60:26":3,"b:61:2:61:Infinity:undefined:undefined:undefined:undefined":5,"s:61:2:61:Infinity":16,"s:61:27:61:Infinity":17,"b:64:4:65:Infinity:66:4:67:Infinity:68:4:69:Infinity:70:4:71:Infinity:72:4:73:Infinity:74:4:75:Infinity":6,"s:63:2:76:Infinity":18,"s:65:6:65:Infinity":19,"f:65:27:65:28":4,"s:65:37:65:44":20,"s:67:6:67:Infinity":21,"f:67:27:67:28":5,"s:67:37:67:44":22,"s:69:6:69:Infinity":23,"s:71:6:71:Infinity":24,"s:73:6:73:Infinity":25,"s:75:6:75:Infinity":26,"f:82:16:82:Infinity":6,"s:89:17:89:Infinity":27,"s:91:2:97:Infinity":28,"f:91:15:91:16":7,"s:92:23:92:Infinity":29,"b:92:30:92:55:92:55:92:64":7,"b:93:4:95:Infinity:undefined:undefined:undefined:undefined":8,"s:93:4:95:Infinity":30,"s:94:6:94:Infinity":31,"s:96:4:96:Infinity":32,"s:100:32:100:Infinity":33,"s:102:2:113:Infinity":34,"f:102:17:102:18":8,"s:103:19:105:Infinity":35,"f:104:11:104:12":9,"s:104:18:104:49":36,"b:104:18:104:48:104:48:104:49":9,"f:105:14:105:15":10,"s:105:21:105:30":37,"s:107:4:112:Infinity":38,"s:116:2:116:Infinity":39,"f:116:21:116:22":11,"s:116:31:116:48":40,"f:122:16:122:Infinity":12,"s:127:2:146:Infinity":41,"f:127:24:127:25":13,"s:128:17:128:Infinity":42,"s:129:17:129:Infinity":43,"b:132:4:132:Infinity:undefined:undefined:undefined:undefined":10,"s:132:4:132:Infinity":44,"b:132:8:132:24:132:24:132:38":11,"s:132:38:132:Infinity":45,"b:133:4:133:Infinity:undefined:undefined:undefined:undefined":12,"s:133:4:133:Infinity":46,"s:133:22:133:Infinity":47,"b:133:51:133:56:133:56:133:Infinity":13,"b:134:4:134:Infinity:undefined:undefined:undefined:undefined":14,"s:134:4:134:Infinity":48,"s:134:22:134:Infinity":49,"b:134:51:134:55:134:55:134:Infinity":15,"b:137:4:139:Infinity:undefined:undefined:undefined:undefined":16,"s:137:4:139:Infinity":50,"b:137:8:137:36:137:36:137:62":17,"s:138:6:138:Infinity":51,"b:138:35:138:49:138:49:138:Infinity":18,"s:142:17:142:Infinity":52,"s:143:17:143:Infinity":53,"s:144:23:144:Infinity":54,"s:145:4:145:Infinity":55,"b:145:33:145:46:145:46:145:Infinity":19,"f:152:16:152:Infinity":14,"s:157:8:157:Infinity":56,"s:158:14:158:Infinity":57,"s:159:2:159:Infinity":58,"f:165:16:165:Infinity":15,"s:169:20:169:Infinity":59,"s:170:30:170:Infinity":60,"s:172:2:175:Infinity":61,"f:172:22:172:23":16,"s:173:4:173:Infinity":62,"s:174:4:174:Infinity":63,"s:177:21:177:Infinity":64,"s:179:2:179:Infinity":65,"f:185:16:185:Infinity":17,"s:189:21:189:Infinity":66,"f:189:33:189:34":18,"s:189:40:189:45":67,"s:191:2:199:Infinity":68,"f:191:18:191:19":19,"s:192:34:192:Infinity":69,"s:193:4:197:Infinity":70,"f:193:23:193:24":20,"b:194:6:196:Infinity:undefined:undefined:undefined:undefined":20,"s:194:6:196:Infinity":71,"s:195:8:195:Infinity":72,"s:198:4:198:Infinity":73,"f:205:16:205:Infinity":21,"b:209:2:209:Infinity:undefined:undefined:undefined:undefined":21,"s:209:2:209:Infinity":74,"s:209:21:209:Infinity":75,"b:212:4:213:Infinity:214:4:219:Infinity:220:4:221:Infinity:222:4:222:Infinity:223:4:224:Infinity":22,"s:211:2:225:Infinity":76,"s:213:6:213:Infinity":77,"s:215:6:219:Infinity":78,"s:216:8:216:Infinity":79,"s:218:8:218:Infinity":80,"s:221:6:221:Infinity":81,"b:221:21:221:29:221:29:221:Infinity":23,"s:224:6:224:Infinity":82}}}
,"/Users/vincenthofmann/SecondBrain/1-Projects/Geotab/report-builder-addin/src/core/validation.ts": {"path":"/Users/vincenthofmann/SecondBrain/1-Projects/Geotab/report-builder-addin/src/core/validation.ts","statementMap":{"0":{"start":{"line":15,"column":36},"end":{"line":15,"column":null}},"1":{"start":{"line":18,"column":2},"end":{"line":24,"column":null}},"2":{"start":{"line":19,"column":4},"end":{"line":23,"column":null}},"3":{"start":{"line":26,"column":2},"end":{"line":32,"column":null}},"4":{"start":{"line":27,"column":4},"end":{"line":31,"column":null}},"5":{"start":{"line":35,"column":2},"end":{"line":41,"column":null}},"6":{"start":{"line":36,"column":4},"end":{"line":40,"column":null}},"7":{"start":{"line":44,"column":2},"end":{"line":50,"column":null}},"8":{"start":{"line":45,"column":4},"end":{"line":49,"column":null}},"9":{"start":{"line":52,"column":2},"end":{"line":58,"column":null}},"10":{"start":{"line":53,"column":4},"end":{"line":57,"column":null}},"11":{"start":{"line":61,"column":2},"end":{"line":67,"column":null}},"12":{"start":{"line":62,"column":4},"end":{"line":66,"column":null}},"13":{"start":{"line":70,"column":2},"end":{"line":89,"column":null}},"14":{"start":{"line":71,"column":25},"end":{"line":71,"column":null}},"15":{"start":{"line":72,"column":4},"end":{"line":78,"column":null}},"16":{"start":{"line":73,"column":6},"end":{"line":77,"column":null}},"17":{"start":{"line":81,"column":22},"end":{"line":81,"column":null}},"18":{"start":{"line":82,"column":4},"end":{"line":88,"column":null}},"19":{"start":{"line":83,"column":6},"end":{"line":87,"column":null}},"20":{"start":{"line":91,"column":2},"end":{"line":94,"column":null}},"21":{"start":{"line":101,"column":36},"end":{"line":101,"column":null}},"22":{"start":{"line":103,"column":2},"end":{"line":109,"column":null}},"23":{"start":{"line":104,"column":4},"end":{"line":108,"column":null}},"24":{"start":{"line":111,"column":2},"end":{"line":117,"column":null}},"25":{"start":{"line":112,"column":4},"end":{"line":116,"column":null}},"26":{"start":{"line":119,"column":25},"end":{"line":119,"column":null}},"27":{"start":{"line":120,"column":2},"end":{"line":126,"column":null}},"28":{"start":{"line":121,"column":4},"end":{"line":125,"column":null}},"29":{"start":{"line":128,"column":2},"end":{"line":134,"column":null}},"30":{"start":{"line":129,"column":4},"end":{"line":133,"column":null}},"31":{"start":{"line":136,"column":2},"end":{"line":139,"column":null}},"32":{"start":{"line":146,"column":2},"end":{"line":151,"column":null}},"33":{"start":{"line":158,"column":36},"end":{"line":158,"column":null}},"34":{"start":{"line":160,"column":2},"end":{"line":166,"column":null}},"35":{"start":{"line":161,"column":4},"end":{"line":165,"column":null}},"36":{"start":{"line":168,"column":2},"end":{"line":174,"column":null}},"37":{"start":{"line":169,"column":4},"end":{"line":173,"column":null}},"38":{"start":{"line":177,"column":24},"end":{"line":177,"column":null}},"39":{"start":{"line":178,"column":2},"end":{"line":184,"column":null}},"40":{"start":{"line":179,"column":4},"end":{"line":183,"column":null}},"41":{"start":{"line":186,"column":2},"end":{"line":189,"column":null}}},"fnMap":{"0":{"name":"validateReportConfig","decl":{"start":{"line":14,"column":16},"end":{"line":14,"column":37}},"loc":{"start":{"line":14,"column":86},"end":{"line":95,"column":null}},"line":14},"1":{"name":"validateFilterRule","decl":{"start":{"line":100,"column":16},"end":{"line":100,"column":35}},"loc":{"start":{"line":100,"column":82},"end":{"line":140,"column":null}},"line":100},"2":{"name":"sanitizeString","decl":{"start":{"line":145,"column":16},"end":{"line":145,"column":31}},"loc":{"start":{"line":145,"column":54},"end":{"line":152,"column":null}},"line":145},"3":{"name":"validateColumnSelection","decl":{"start":{"line":157,"column":16},"end":{"line":157,"column":40}},"loc":{"start":{"line":157,"column":77},"end":{"line":190,"column":null}},"line":157}},"branchMap":{"0":{"loc":{"start":{"line":18,"column":2},"end":{"line":24,"column":null}},"type":"if","locations":[{"start":{"line":18,"column":2},"end":{"line":24,"column":null}},{"start":{},"end":{}}],"line":18},"1":{"loc":{"start":{"line":18,"column":6},"end":{"line":18,"column":53}},"type":"binary-expr","locations":[{"start":{"line":18,"column":6},"end":{"line":18,"column":22}},{"start":{"line":18,"column":22},"end":{"line":18,"column":53}}],"line":18},"2":{"loc":{"start":{"line":26,"column":2},"end":{"line":32,"column":null}},"type":"if","locations":[{"start":{"line":26,"column":2},"end":{"line":32,"column":null}},{"start":{},"end":{}}],"line":26},"3":{"loc":{"start":{"line":26,"column":6},"end":{"line":26,"column":47}},"type":"binary-expr","locations":[{"start":{"line":26,"column":6},"end":{"line":26,"column":21}},{"start":{"line":26,"column":21},"end":{"line":26,"column":47}}],"line":26},"4":{"loc":{"start":{"line":35,"column":2},"end":{"line":41,"column":null}},"type":"if","locations":[{"start":{"line":35,"column":2},"end":{"line":41,"column":null}},{"start":{},"end":{}}],"line":35},"5":{"loc":{"start":{"line":35,"column":6},"end":{"line":35,"column":67}},"type":"binary-expr","locations":[{"start":{"line":35,"column":6},"end":{"line":35,"column":28}},{"start":{"line":35,"column":28},"end":{"line":35,"column":67}}],"line":35},"6":{"loc":{"start":{"line":44,"column":2},"end":{"line":50,"column":null}},"type":"if","locations":[{"start":{"line":44,"column":2},"end":{"line":50,"column":null}},{"start":{},"end":{}}],"line":44},"7":{"loc":{"start":{"line":44,"column":6},"end":{"line":44,"column":52}},"type":"binary-expr","locations":[{"start":{"line":44,"column":6},"end":{"line":44,"column":25}},{"start":{"line":44,"column":25},"end":{"line":44,"column":52}}],"line":44},"8":{"loc":{"start":{"line":52,"column":2},"end":{"line":58,"column":null}},"type":"if","locations":[{"start":{"line":52,"column":2},"end":{"line":58,"column":null}},{"start":{},"end":{}}],"line":52},"9":{"loc":{"start":{"line":52,"column":6},"end":{"line":52,"column":52}},"type":"binary-expr","locations":[{"start":{"line":52,"column":6},"end":{"line":52,"column":24}},{"start":{"line":52,"column":24},"end":{"line":52,"column":52}}],"line":52},"10":{"loc":{"start":{"line":61,"column":2},"end":{"line":67,"column":null}},"type":"if","locations":[{"start":{"line":61,"column":2},"end":{"line":67,"column":null}},{"start":{},"end":{}}],"line":61},"11":{"loc":{"start":{"line":61,"column":6},"end":{"line":61,"column":52}},"type":"binary-expr","locations":[{"start":{"line":61,"column":6},"end":{"line":61,"column":24}},{"start":{"line":61,"column":24},"end":{"line":61,"column":52}}],"line":61},"12":{"loc":{"start":{"line":70,"column":2},"end":{"line":89,"column":null}},"type":"if","locations":[{"start":{"line":70,"column":2},"end":{"line":89,"column":null}},{"start":{},"end":{}}],"line":70},"13":{"loc":{"start":{"line":72,"column":4},"end":{"line":78,"column":null}},"type":"if","locations":[{"start":{"line":72,"column":4},"end":{"line":78,"column":null}},{"start":{},"end":{}}],"line":72},"14":{"loc":{"start":{"line":82,"column":4},"end":{"line":88,"column":null}},"type":"if","locations":[{"start":{"line":82,"column":4},"end":{"line":88,"column":null}},{"start":{},"end":{}}],"line":82},"15":{"loc":{"start":{"line":103,"column":2},"end":{"line":109,"column":null}},"type":"if","locations":[{"start":{"line":103,"column":2},"end":{"line":109,"column":null}},{"start":{},"end":{}}],"line":103},"16":{"loc":{"start":{"line":103,"column":6},"end":{"line":103,"column":57}},"type":"binary-expr","locations":[{"start":{"line":103,"column":6},"end":{"line":103,"column":23}},{"start":{"line":103,"column":23},"end":{"line":103,"column":57}}],"line":103},"17":{"loc":{"start":{"line":111,"column":2},"end":{"line":117,"column":null}},"type":"if","locations":[{"start":{"line":111,"column":2},"end":{"line":117,"column":null}},{"start":{},"end":{}}],"line":111},"18":{"loc":{"start":{"line":120,"column":2},"end":{"line":126,"column":null}},"type":"if","locations":[{"start":{"line":120,"column":2},"end":{"line":126,"column":null}},{"start":{},"end":{}}],"line":120},"19":{"loc":{"start":{"line":120,"column":6},"end":{"line":120,"column":68}},"type":"binary-expr","locations":[{"start":{"line":120,"column":6},"end":{"line":120,"column":25}},{"start":{"line":120,"column":25},"end":{"line":120,"column":68}}],"line":120},"20":{"loc":{"start":{"line":128,"column":2},"end":{"line":134,"column":null}},"type":"if","locations":[{"start":{"line":128,"column":2},"end":{"line":134,"column":null}},{"start":{},"end":{}}],"line":128},"21":{"loc":{"start":{"line":128,"column":6},"end":{"line":128,"column":59}},"type":"binary-expr","locations":[{"start":{"line":128,"column":6},"end":{"line":128,"column":36}},{"start":{"line":128,"column":36},"end":{"line":128,"column":59}}],"line":128},"22":{"loc":{"start":{"line":160,"column":2},"end":{"line":166,"column":null}},"type":"if","locations":[{"start":{"line":160,"column":2},"end":{"line":166,"column":null}},{"start":{},"end":{}}],"line":160},"23":{"loc":{"start":{"line":168,"column":2},"end":{"line":174,"column":null}},"type":"if","locations":[{"start":{"line":168,"column":2},"end":{"line":174,"column":null}},{"start":{},"end":{}}],"line":168},"24":{"loc":{"start":{"line":178,"column":2},"end":{"line":184,"column":null}},"type":"if","locations":[{"start":{"line":178,"column":2},"end":{"line":184,"column":null}},{"start":{},"end":{}}],"line":178}},"s":{"0":13,"1":13,"2":3,"3":13,"4":1,"5":13,"6":1,"7":13,"8":2,"9":13,"10":1,"11":13,"12":2,"13":13,"14":13,"15":13,"16":1,"17":13,"18":13,"19":1,"20":13,"21":5,"22":5,"23":1,"24":5,"25":1,"26":5,"27":5,"28":1,"29":5,"30":1,"31":5,"32":5,"33":4,"34":4,"35":1,"36":4,"37":1,"38":4,"39":4,"40":2,"41":4},"f":{"0":13,"1":5,"2":5,"3":4},"b":{"0":[3,10],"1":[13,13],"2":[1,12],"3":[13,13],"4":[1,12],"5":[13,12],"6":[2,11],"7":[13,13],"8":[1,12],"9":[13,13],"10":[2,11],"11":[13,13],"12":[13,0],"13":[1,12],"14":[1,12],"15":[1,4],"16":[5,4],"17":[1,4],"18":[1,4],"19":[5,4],"20":[1,4],"21":[5,4],"22":[1,3],"23":[1,3],"24":[2,2]},"meta":{"lastBranch":25,"lastFunction":4,"lastStatement":42,"seen":{"f:14:16:14:37":0,"s:15:36:15:Infinity":0,"b:18:2:24:Infinity:undefined:undefined:undefined:undefined":0,"s:18:2:24:Infinity":1,"b:18:6:18:22:18:22:18:53":1,"s:19:4:23:Infinity":2,"b:26:2:32:Infinity:undefined:undefined:undefined:undefined":2,"s:26:2:32:Infinity":3,"b:26:6:26:21:26:21:26:47":3,"s:27:4:31:Infinity":4,"b:35:2:41:Infinity:undefined:undefined:undefined:undefined":4,"s:35:2:41:Infinity":5,"b:35:6:35:28:35:28:35:67":5,"s:36:4:40:Infinity":6,"b:44:2:50:Infinity:undefined:undefined:undefined:undefined":6,"s:44:2:50:Infinity":7,"b:44:6:44:25:44:25:44:52":7,"s:45:4:49:Infinity":8,"b:52:2:58:Infinity:undefined:undefined:undefined:undefined":8,"s:52:2:58:Infinity":9,"b:52:6:52:24:52:24:52:52":9,"s:53:4:57:Infinity":10,"b:61:2:67:Infinity:undefined:undefined:undefined:undefined":10,"s:61:2:67:Infinity":11,"b:61:6:61:24:61:24:61:52":11,"s:62:4:66:Infinity":12,"b:70:2:89:Infinity:undefined:undefined:undefined:undefined":12,"s:70:2:89:Infinity":13,"s:71:25:71:Infinity":14,"b:72:4:78:Infinity:undefined:undefined:undefined:undefined":13,"s:72:4:78:Infinity":15,"s:73:6:77:Infinity":16,"s:81:22:81:Infinity":17,"b:82:4:88:Infinity:undefined:undefined:undefined:undefined":14,"s:82:4:88:Infinity":18,"s:83:6:87:Infinity":19,"s:91:2:94:Infinity":20,"f:100:16:100:35":1,"s:101:36:101:Infinity":21,"b:103:2:109:Infinity:undefined:undefined:undefined:undefined":15,"s:103:2:109:Infinity":22,"b:103:6:103:23:103:23:103:57":16,"s:104:4:108:Infinity":23,"b:111:2:117:Infinity:undefined:undefined:undefined:undefined":17,"s:111:2:117:Infinity":24,"s:112:4:116:Infinity":25,"s:119:25:119:Infinity":26,"b:120:2:126:Infinity:undefined:undefined:undefined:undefined":18,"s:120:2:126:Infinity":27,"b:120:6:120:25:120:25:120:68":19,"s:121:4:125:Infinity":28,"b:128:2:134:Infinity:undefined:undefined:undefined:undefined":20,"s:128:2:134:Infinity":29,"b:128:6:128:36:128:36:128:59":21,"s:129:4:133:Infinity":30,"s:136:2:139:Infinity":31,"f:145:16:145:31":2,"s:146:2:151:Infinity":32,"f:157:16:157:40":3,"s:158:36:158:Infinity":33,"b:160:2:166:Infinity:undefined:undefined:undefined:undefined":22,"s:160:2:166:Infinity":34,"s:161:4:165:Infinity":35,"b:168:2:174:Infinity:undefined:undefined:undefined:undefined":23,"s:168:2:174:Infinity":36,"s:169:4:173:Infinity":37,"s:177:24:177:Infinity":38,"b:178:2:184:Infinity:undefined:undefined:undefined:undefined":24,"s:178:2:184:Infinity":39,"s:179:4:183:Infinity":40,"s:186:2:189:Infinity":41}}}
}
