TN:
SF:src/core/report-generator.ts
FN:21,applyFilters
FN:27,(anonymous_1)
FN:28,(anonymous_2)
FN:60,aggregate
FN:65,(anonymous_4)
FN:67,(anonymous_5)
FN:82,groupAndAggregate
FN:91,(anonymous_7)
FN:102,(anonymous_8)
FN:104,(anonymous_9)
FN:105,(anonymous_10)
FN:116,(anonymous_11)
FN:122,sortData
FN:127,(anonymous_13)
FN:152,paginateData
FN:165,calculateSubtotals
FN:172,(anonymous_16)
FN:185,projectColumns
FN:189,(anonymous_18)
FN:191,(anonymous_19)
FN:193,(anonymous_20)
FN:205,formatValue
FNF:22
FNH:22
FNDA:10,applyFilters
FNDA:22,(anonymous_1)
FNDA:24,(anonymous_2)
FNDA:18,aggregate
FNDA:17,(anonymous_4)
FNDA:6,(anonymous_5)
FNDA:5,groupAndAggregate
FNDA:11,(anonymous_7)
FNDA:8,(anonymous_8)
FNDA:11,(anonymous_9)
FNDA:11,(anonymous_10)
FNDA:3,(anonymous_11)
FNDA:5,sortData
FNDA:12,(anonymous_13)
FNDA:4,paginateData
FNDA:2,calculateSubtotals
FNDA:6,(anonymous_16)
FNDA:2,projectColumns
FNDA:4,(anonymous_18)
FNDA:2,(anonymous_19)
FNDA:4,(anonymous_20)
FNDA:7,formatValue
DA:25,10
DA:27,9
DA:28,22
DA:29,24
DA:31,24
DA:33,7
DA:35,2
DA:37,3
DA:41,5
DA:43,2
DA:45,5
DA:46,4
DA:47,4
DA:49,1
DA:51,0
DA:61,18
DA:63,15
DA:65,17
DA:67,6
DA:69,1
DA:71,1
DA:73,1
DA:75,0
DA:89,5
DA:91,5
DA:92,11
DA:93,11
DA:94,8
DA:96,11
DA:100,5
DA:102,5
DA:103,8
DA:104,11
DA:105,11
DA:107,8
DA:116,5
DA:127,5
DA:128,12
DA:129,12
DA:132,12
DA:133,12
DA:134,11
DA:137,11
DA:138,8
DA:142,3
DA:143,3
DA:144,3
DA:145,3
DA:157,4
DA:158,4
DA:159,4
DA:169,2
DA:170,2
DA:172,2
DA:173,6
DA:174,6
DA:177,2
DA:179,2
DA:189,4
DA:191,2
DA:192,2
DA:193,2
DA:194,4
DA:195,3
DA:198,2
DA:209,7
DA:211,5
DA:213,1
DA:215,1
DA:216,1
DA:218,0
DA:221,2
DA:224,1
LF:73
LH:70
BRDA:25,0,0,1
BRDA:25,0,1,9
BRDA:31,1,0,7
BRDA:31,1,1,2
BRDA:31,1,2,3
BRDA:31,1,3,5
BRDA:31,1,4,2
BRDA:31,1,5,5
BRDA:31,1,6,0
BRDA:45,2,0,4
BRDA:45,2,1,1
BRDA:45,3,0,5
BRDA:45,3,1,4
BRDA:47,4,0,4
BRDA:47,4,1,3
BRDA:61,5,0,3
BRDA:61,5,1,15
BRDA:63,6,0,15
BRDA:63,6,1,2
BRDA:63,6,2,1
BRDA:63,6,3,1
BRDA:63,6,4,1
BRDA:63,6,5,0
BRDA:92,7,0,11
BRDA:92,7,1,1
BRDA:93,8,0,8
BRDA:93,8,1,3
BRDA:104,9,0,11
BRDA:104,9,1,0
BRDA:132,10,0,0
BRDA:132,10,1,12
BRDA:132,11,0,12
BRDA:132,11,1,1
BRDA:133,12,0,1
BRDA:133,12,1,11
BRDA:133,13,0,1
BRDA:133,13,1,0
BRDA:134,14,0,0
BRDA:134,14,1,11
BRDA:134,15,0,0
BRDA:134,15,1,0
BRDA:137,16,0,8
BRDA:137,16,1,3
BRDA:137,17,0,11
BRDA:137,17,1,8
BRDA:138,18,0,5
BRDA:138,18,1,3
BRDA:145,19,0,3
BRDA:145,19,1,0
BRDA:194,20,0,3
BRDA:194,20,1,1
BRDA:209,21,0,2
BRDA:209,21,1,5
BRDA:211,22,0,5
BRDA:211,22,1,1
BRDA:211,22,2,2
BRDA:211,22,3,1
BRDA:211,22,4,1
BRDA:221,23,0,1
BRDA:221,23,1,1
BRF:60
BRH:51
end_of_record
TN:
SF:src/core/validation.ts
FN:14,validateReportConfig
FN:100,validateFilterRule
FN:145,sanitizeString
FN:157,validateColumnSelection
FNF:4
FNH:4
FNDA:13,validateReportConfig
FNDA:5,validateFilterRule
FNDA:5,sanitizeString
FNDA:4,validateColumnSelection
DA:15,13
DA:18,13
DA:19,3
DA:26,13
DA:27,1
DA:35,13
DA:36,1
DA:44,13
DA:45,2
DA:52,13
DA:53,1
DA:61,13
DA:62,2
DA:70,13
DA:71,13
DA:72,13
DA:73,1
DA:81,13
DA:82,13
DA:83,1
DA:91,13
DA:101,5
DA:103,5
DA:104,1
DA:111,5
DA:112,1
DA:119,5
DA:120,5
DA:121,1
DA:128,5
DA:129,1
DA:136,5
DA:146,5
DA:158,4
DA:160,4
DA:161,1
DA:168,4
DA:169,1
DA:177,4
DA:178,4
DA:179,2
DA:186,4
LF:42
LH:42
BRDA:18,0,0,3
BRDA:18,0,1,10
BRDA:18,1,0,13
BRDA:18,1,1,13
BRDA:26,2,0,1
BRDA:26,2,1,12
BRDA:26,3,0,13
BRDA:26,3,1,13
BRDA:35,4,0,1
BRDA:35,4,1,12
BRDA:35,5,0,13
BRDA:35,5,1,12
BRDA:44,6,0,2
BRDA:44,6,1,11
BRDA:44,7,0,13
BRDA:44,7,1,13
BRDA:52,8,0,1
BRDA:52,8,1,12
BRDA:52,9,0,13
BRDA:52,9,1,13
BRDA:61,10,0,2
BRDA:61,10,1,11
BRDA:61,11,0,13
BRDA:61,11,1,13
BRDA:70,12,0,13
BRDA:70,12,1,0
BRDA:72,13,0,1
BRDA:72,13,1,12
BRDA:82,14,0,1
BRDA:82,14,1,12
BRDA:103,15,0,1
BRDA:103,15,1,4
BRDA:103,16,0,5
BRDA:103,16,1,4
BRDA:111,17,0,1
BRDA:111,17,1,4
BRDA:120,18,0,1
BRDA:120,18,1,4
BRDA:120,19,0,5
BRDA:120,19,1,4
BRDA:128,20,0,1
BRDA:128,20,1,4
BRDA:128,21,0,5
BRDA:128,21,1,4
BRDA:160,22,0,1
BRDA:160,22,1,3
BRDA:168,23,0,1
BRDA:168,23,1,3
BRDA:178,24,0,2
BRDA:178,24,1,2
BRF:50
BRH:49
end_of_record
